<?xml version="1.0" encoding="utf-8" standalone="no"?>
<test-results xmlns:xsi="http://www.w3.org/2001/XMLSchema-instance" xsi:noNamespaceSchemaLocation="nunit_schema_2.5.xsd" name="Pester" total="16" errors="0" failures="0" not-run="0" inconclusive="0" ignored="0" skipped="0" invalid="0" date="2026-09-21" time="17:32:46">
  <environment os-version="6.17.0-1022-azure" platform="Linux" clr-version="10.0.11" cwd="/home/runner/work/azure-rest-api-specs/azure-rest-api-specs" nunit-version="2.5.8.0" machine-name="runnervmlun5p" user-domain="" user="runner" />
  <culture-info current-culture="" current-uiculture="" />
  <test-suite type="TestFixture" name="Pester" executed="True" result="Success" success="True" time="0.6274" asserts="0" description="Pester">
    <results>
      <test-suite type="TestFixture" name="/home/runner/work/azure-rest-api-specs/azure-rest-api-specs/eng/scripts/Tests/ChangedFiles-Functions.Tests.ps1" executed="True" result="Success" success="True" time="0.6274" asserts="0" description="/home/runner/work/azure-rest-api-specs/azure-rest-api-specs/eng/scripts/Tests/ChangedFiles-Functions.Tests.ps1">
        <results>
          <test-suite type="TestFixture" name="Get-ChangedCoreFiles" executed="True" result="Success" success="True" time="0.2585" asserts="0" description="Get-ChangedCoreFiles">
            <results>
              <test-case description="preserves core changes in a mixed lease and core-file change" name="Get-ChangedCoreFiles.preserves core changes in a mixed lease and core-file change" time="0.0041" asserts="0" success="True" result="Success" executed="True" />
              <test-case description="preserves scoped spec selection in a mixed lease and TypeSpec change" name="Get-ChangedCoreFiles.preserves scoped spec selection in a mixed lease and TypeSpec change" time="0.0089" asserts="0" success="True" result="Success" executed="True" />
              <test-case description="returns no core files for an empty change" name="Get-ChangedCoreFiles.returns no core files for an empty change" time="0.0082" asserts="0" success="True" result="Success" executed="True" />
              <test-suite type="ParameterizedTest" name="Get-ChangedCoreFiles.preserves the core-file trigger for &lt;path&gt;" executed="True" result="Success" success="True" time="0.0876" asserts="0" description="preserves the core-file trigger for &lt;path&gt;">
                <results>
                  <test-case description="preserves the core-file trigger for .github/workflows/typespec-validation.yaml" name="Get-ChangedCoreFiles.preserves the core-file trigger for .github/workflows/typespec-validation.yaml" time="0.0068" asserts="0" success="True" result="Success" executed="True" />
                  <test-case description="preserves the core-file trigger for .github/shared/src/changed-files.ts" name="Get-ChangedCoreFiles.preserves the core-file trigger for .github/shared/src/changed-files.ts" time="0.0063" asserts="0" success="True" result="Success" executed="True" />
                  <test-case description="preserves the core-file trigger for .github/arm-leases-other/lease.yaml" name="Get-ChangedCoreFiles.preserves the core-file trigger for .github/arm-leases-other/lease.yaml" time="0.0074" asserts="0" success="True" result="Success" executed="True" />
                  <test-case description="preserves the core-file trigger for eng/scripts/Get-TypeSpec-Folders.ps1" name="Get-ChangedCoreFiles.preserves the core-file trigger for eng/scripts/Get-TypeSpec-Folders.ps1" time="0.0058" asserts="0" success="True" result="Success" executed="True" />
                  <test-case description="preserves the core-file trigger for specification/common-types/resource-management/v6/types.json" name="Get-ChangedCoreFiles.preserves the core-file trigger for specification/common-types/resource-management/v6/types.json" time="0.0058" asserts="0" success="True" result="Success" executed="True" />
                  <test-case description="preserves the core-file trigger for package.json" name="Get-ChangedCoreFiles.preserves the core-file trigger for package.json" time="0.0057" asserts="0" success="True" result="Success" executed="True" />
                  <test-case description="preserves the core-file trigger for .oxfmtrc.json" name="Get-ChangedCoreFiles.preserves the core-file trigger for .oxfmtrc.json" time="0.0073" asserts="0" success="True" result="Success" executed="True" />
                  <test-case description="preserves the core-file trigger for .prettierrc.json" name="Get-ChangedCoreFiles.preserves the core-file trigger for .prettierrc.json" time="0.0061" asserts="0" success="True" result="Success" executed="True" />
                  <test-case description="preserves the core-file trigger for pnpm-lock.yaml" name="Get-ChangedCoreFiles.preserves the core-file trigger for pnpm-lock.yaml" time="0.0326" asserts="0" success="True" result="Success" executed="True" />
                  <test-case description="preserves the core-file trigger for pnpm-workspace.yaml" name="Get-ChangedCoreFiles.preserves the core-file trigger for pnpm-workspace.yaml" time="0.0038" asserts="0" success="True" result="Success" executed="True" />
                </results>
              </test-suite>
              <test-suite type="ParameterizedTest" name="Get-ChangedCoreFiles.excludes ARM lease metadata at &lt;path&gt;" executed="True" result="Success" success="True" time="0.1122" asserts="0" description="excludes ARM lease metadata at &lt;path&gt;">
                <results>
                  <test-case description="excludes ARM lease metadata at .github/arm-leases/containerregistry/Microsoft.ContainerRegistry/lease.yaml" name="Get-ChangedCoreFiles.excludes ARM lease metadata at .github/arm-leases/containerregistry/Microsoft.ContainerRegistry/lease.yaml" time="0.1012" asserts="0" success="True" result="Success" executed="True" />
                  <test-case description="excludes ARM lease metadata at .github/arm-leases/containerregistry/Microsoft.ContainerRegistry/Workflow/lease.yaml" name="Get-ChangedCoreFiles.excludes ARM lease metadata at .github/arm-leases/containerregistry/Microsoft.ContainerRegistry/Workflow/lease.yaml" time="0.0065" asserts="0" success="True" result="Success" executed="True" />
                  <test-case description="excludes ARM lease metadata at .github/arm-leases/README.md" name="Get-ChangedCoreFiles.excludes ARM lease metadata at .github/arm-leases/README.md" time="0.0046" asserts="0" success="True" result="Success" executed="True" />
                </results>
              </test-suite>
            </results>
          </test-suite>
        </results>
      </test-suite>
    </results>
  </test-suite>
</test-results>