<?xml version="1.0" encoding="UTF-8"?>
<testsuites>
  <testsuite name="ApiTypeSpecValidation" tests="1" failures="1" errors="0" skipped="0">
    <testcase classname="unknown" name="GeneratedSwaggerNotFound" file="unknown">
      <failure message="| Rule |&#xA;|------|&#xA;|❌ [](undefined)|&#xA;&#xA;| Messges |&#xA;| --------|&#xA;| GeneratedSwaggerNotFound &lt;br> &quot;details&quot;:&quot;The generated swagger file from typespec specification/contosowidgetmanager/Contoso.WidgetManager can not be found.&quot; |&#xA;| GeneratedSwaggerNotFound &lt;br> &quot;details&quot;:&quot;The generated swagger file from typespec specification/translation/Azure.AI.TextTranslation can not be found.&quot; |&#xA;" type="ValidationResult"/>
    </testcase>
  </testsuite>
</testsuites>